{
  "RSpec": {
    "coverage": {
      "/home/jmervine/Development/httperfrb-grapher/lib/httperf/grapher.rb": [
        1,
        1,
        1,
        1,
        1,
        1,
        1,
        1,
        1,
        1,
        null,
        1,
        7,
        7,
        null,
        null,
        1,
        1,
        null,
        null,
        1,
        2,
        1,
        null,
        101,
        null,
        1,
        4,
        null,
        null,
        1,
        1,
        1,
        1,
        1,
        null,
        1,
        1,
        10,
        null,
        null,
        1,
        null,
        null,
        1,
        1,
        null,
        null,
        null,
        null,
        null,
        7,
        null,
        1,
        404,
        null,
        null,
        null,
        null
      ]
    },
    "timestamp": 1344902979
  }
}
